<?xml version="1.0" encoding="UTF-8"?>
<!-- Generated by org.testng.reporters.JUnitReportReporter -->
<testsuite hostname="kalpesh16" failures="0" tests="3" name="DemoA.ExtentReportDemo.ExtentReportTest" time="11.428" errors="0" timestamp="13 Jan 2022 04:15:03 GMT" skipped="0">
  <testcase classname="DemoA.ExtentReportDemo.ExtentReportTest" name="f2" time="3.592"/>
  <testcase classname="DemoA.ExtentReportDemo.ExtentReportTest" name="f" time="4.372"/>
  <testcase classname="DemoA.ExtentReportDemo.ExtentReportTest" name="f1" time="3.464"/>
</testsuite> <!-- DemoA.ExtentReportDemo.ExtentReportTest -->
